2018-06-08 14:42:44,300 WARN Unable to load native-hadoop library for your platform... using builtin-java classes where applicable
2018-06-08 14:42:44,450 AUDIT [X160912][david][Thread-1]loaded properties: /home/david/Documents/code/carbonstore/select/build/carbonselect/conf/server/carbonselect.properties
2018-06-08 14:42:44,625 INFO Using callQueue class java.util.concurrent.LinkedBlockingQueue
2018-06-08 14:42:44,698 INFO Starting Socket Reader #1 for port 7881
2018-06-08 14:42:44,747 INFO IPC Server Responder: starting
2018-06-08 14:42:44,755 INFO IPC Server listener on 7881: starting
2018-06-08 14:48:36,274 AUDIT [X160912][david][Thread-20]loaded library: carbonvision
2018-06-08 14:48:42,762 AUDIT [X160912][david][Thread-17]loaded Model: /home/david/Documents/code/carbonstore/select/build/carbonselect/lib/third/intellifData
2018-06-08 14:48:42,764 INFO IPC Server handler 0 on 7881, call loadModel(/home/david/Documents/code/carbonstore/select/build/carbonselect/lib/third/intellifData), rpc version=2, client version=1, methodsFingerPrint=1365932836 from 127.0.0.1:48094 Call#1 Retry#0
java.io.IOException: org.apache.carbondata.vision.common.VisionException: Failed to load /home/david/Documents/code/carbonstore/select/build/carbonselect/lib/third/intellifData
	at org.apache.carbondata.vision.model.ModelManager.loadModel(ModelManager.java:33)
	at org.apache.carbondata.service.service.impl.PredictServiceImpl.loadModel(PredictServiceImpl.java:59)
	at sun.reflect.NativeMethodAccessorImpl.invoke0(Native Method)
	at sun.reflect.NativeMethodAccessorImpl.invoke(NativeMethodAccessorImpl.java:62)
	at sun.reflect.DelegatingMethodAccessorImpl.invoke(DelegatingMethodAccessorImpl.java:43)
	at java.lang.reflect.Method.invoke(Method.java:498)
	at org.apache.hadoop.ipc.WritableRpcEngine$Server$WritableRpcInvoker.call(WritableRpcEngine.java:513)
	at org.apache.hadoop.ipc.RPC$Server.call(RPC.java:969)
	at org.apache.hadoop.ipc.Server$Handler$1.run(Server.java:2049)
	at org.apache.hadoop.ipc.Server$Handler$1.run(Server.java:2045)
	at java.security.AccessController.doPrivileged(Native Method)
	at javax.security.auth.Subject.doAs(Subject.java:422)
	at org.apache.hadoop.security.UserGroupInformation.doAs(UserGroupInformation.java:1657)
	at org.apache.hadoop.ipc.Server$Handler.run(Server.java:2045)
2018-06-08 14:50:13,794 WARN Unable to load native-hadoop library for your platform... using builtin-java classes where applicable
2018-06-08 14:50:13,958 AUDIT [X160912][david][Thread-1]loaded properties: /home/david/Documents/code/carbonstore/select/build/carbonselect/conf/server/carbonselect.properties
2018-06-08 14:50:14,116 INFO Using callQueue class java.util.concurrent.LinkedBlockingQueue
2018-06-08 14:50:14,160 INFO Starting Socket Reader #1 for port 7881
2018-06-08 14:50:14,202 INFO IPC Server Responder: starting
2018-06-08 14:50:14,204 INFO IPC Server listener on 7881: starting
2018-06-08 14:50:43,291 AUDIT [X160912][david][Thread-24]loaded library: carbonvision
2018-06-08 14:50:49,357 AUDIT [X160912][david][Thread-21]loaded Model: /home/david/Documents/code/carbonstore/select/vision-native/thirdlib/intellifData
2018-06-08 14:50:59,706 ERROR IPC Server handler 8 on 7881 Failed to get table from CarbonServer store
java.io.FileNotFoundException: /home/david/Documents/code/carbonstore/examples/spark2/target/store/default/frs_table/Metadata/schema (No such file or directory)
	at java.io.FileInputStream.open0(Native Method)
	at java.io.FileInputStream.open(FileInputStream.java:195)
	at java.io.FileInputStream.<init>(FileInputStream.java:138)
	at java.io.FileInputStream.<init>(FileInputStream.java:93)
	at org.apache.carbondata.core.datastore.filesystem.LocalCarbonFile.getDataInputStream(LocalCarbonFile.java:284)
	at org.apache.carbondata.core.datastore.filesystem.LocalCarbonFile.getDataInputStream(LocalCarbonFile.java:274)
	at org.apache.carbondata.core.datastore.impl.FileFactory.getDataInputStream(FileFactory.java:107)
	at org.apache.carbondata.core.datastore.impl.FileFactory.getDataInputStream(FileFactory.java:103)
	at org.apache.carbondata.core.reader.ThriftReader.open(ThriftReader.java:86)
	at org.apache.carbondata.core.util.CarbonUtil.readSchemaFile(CarbonUtil.java:2200)
	at org.apache.carbondata.store.MetaCachedCarbonStore.getTable(MetaCachedCarbonStore.java:46)
	at org.apache.carbondata.service.server.CarbonServer.getTable(CarbonServer.java:65)
	at org.apache.carbondata.service.service.impl.PredictServiceImpl.cacheTable(PredictServiceImpl.java:64)
	at sun.reflect.NativeMethodAccessorImpl.invoke0(Native Method)
	at sun.reflect.NativeMethodAccessorImpl.invoke(NativeMethodAccessorImpl.java:62)
	at sun.reflect.DelegatingMethodAccessorImpl.invoke(DelegatingMethodAccessorImpl.java:43)
	at java.lang.reflect.Method.invoke(Method.java:498)
	at org.apache.hadoop.ipc.WritableRpcEngine$Server$WritableRpcInvoker.call(WritableRpcEngine.java:513)
	at org.apache.hadoop.ipc.RPC$Server.call(RPC.java:969)
	at org.apache.hadoop.ipc.Server$Handler$1.run(Server.java:2049)
	at org.apache.hadoop.ipc.Server$Handler$1.run(Server.java:2045)
	at java.security.AccessController.doPrivileged(Native Method)
	at javax.security.auth.Subject.doAs(Subject.java:422)
	at org.apache.hadoop.security.UserGroupInformation.doAs(UserGroupInformation.java:1657)
	at org.apache.hadoop.ipc.Server$Handler.run(Server.java:2045)
2018-06-08 14:50:59,709 INFO IPC Server handler 8 on 7881, call cacheTable(Table{database='default', tableName='frs_table'}, 1), rpc version=2, client version=1, methodsFingerPrint=1365932836 from 127.0.0.1:48126 Call#2 Retry#0
java.io.IOException: org.apache.carbondata.vision.common.VisionException: Failed to get table from CarbonServer store
	at org.apache.carbondata.service.server.CarbonServer.getTable(CarbonServer.java:69)
	at org.apache.carbondata.service.service.impl.PredictServiceImpl.cacheTable(PredictServiceImpl.java:64)
	at sun.reflect.NativeMethodAccessorImpl.invoke0(Native Method)
	at sun.reflect.NativeMethodAccessorImpl.invoke(NativeMethodAccessorImpl.java:62)
	at sun.reflect.DelegatingMethodAccessorImpl.invoke(DelegatingMethodAccessorImpl.java:43)
	at java.lang.reflect.Method.invoke(Method.java:498)
	at org.apache.hadoop.ipc.WritableRpcEngine$Server$WritableRpcInvoker.call(WritableRpcEngine.java:513)
	at org.apache.hadoop.ipc.RPC$Server.call(RPC.java:969)
	at org.apache.hadoop.ipc.Server$Handler$1.run(Server.java:2049)
	at org.apache.hadoop.ipc.Server$Handler$1.run(Server.java:2045)
	at java.security.AccessController.doPrivileged(Native Method)
	at javax.security.auth.Subject.doAs(Subject.java:422)
	at org.apache.hadoop.security.UserGroupInformation.doAs(UserGroupInformation.java:1657)
	at org.apache.hadoop.ipc.Server$Handler.run(Server.java:2045)
2018-06-08 14:54:30,060 AUDIT [X160912][david][Thread-18]loaded Model: /home/david/Documents/code/carbonstore/select/vision-native/thirdlib/intellifData
2018-06-08 14:54:35,994 AUDIT [X160912][david][Thread-25]cached table in disk: Table{database='default', tableName='frs_table'}
2018-06-08 14:55:41,442 AUDIT [X160912][david][Thread-25]loaded Model: /home/david/Documents/code/carbonstore/select/vision-native/thirdlib/intellifData
2018-06-08 15:07:16,238 AUDIT [X160912][david][Thread-23]cached table in disk: Table{database='default', tableName='frs_table1'}
2018-06-08 15:07:16,246 INFO Socket Reader #1 for port 7881: readAndProcess from client 127.0.0.1 threw exception [java.io.IOException: Connection reset by peer]
java.io.IOException: Connection reset by peer
	at sun.nio.ch.FileDispatcherImpl.read0(Native Method)
	at sun.nio.ch.SocketDispatcher.read(SocketDispatcher.java:39)
	at sun.nio.ch.IOUtil.readIntoNativeBuffer(IOUtil.java:223)
	at sun.nio.ch.IOUtil.read(IOUtil.java:197)
	at sun.nio.ch.SocketChannelImpl.read(SocketChannelImpl.java:380)
	at org.apache.hadoop.ipc.Server.channelRead(Server.java:2604)
	at org.apache.hadoop.ipc.Server.access$2800(Server.java:136)
	at org.apache.hadoop.ipc.Server$Connection.readAndProcess(Server.java:1481)
	at org.apache.hadoop.ipc.Server$Listener.doRead(Server.java:771)
	at org.apache.hadoop.ipc.Server$Listener$Reader.doRunLoop(Server.java:637)
	at org.apache.hadoop.ipc.Server$Listener$Reader.run(Server.java:608)
2018-06-08 16:09:29,410 WARN Unable to load native-hadoop library for your platform... using builtin-java classes where applicable
2018-06-08 16:09:29,541 AUDIT [X160912][david][Thread-1]loaded properties: /home/david/Documents/code/carbonstore/select/build/carbonselect/conf/server/carbonselect.properties
2018-06-08 16:09:29,639 INFO Using callQueue class java.util.concurrent.LinkedBlockingQueue
2018-06-08 16:09:29,677 INFO Starting Socket Reader #1 for port 7881
2018-06-08 16:09:29,700 INFO IPC Server Responder: starting
2018-06-08 16:09:29,701 INFO IPC Server listener on 7881: starting
2018-06-08 16:09:55,391 AUDIT [X160912][david][Thread-19]loaded library: carbonvision
2018-06-08 16:09:59,515 AUDIT [X160912][david][Thread-18]loaded Model: /home/david/Documents/code/carbonstore/select/vision-native/thirdlib/intellifData
2018-06-08 16:09:59,794 AUDIT [X160912][david][Thread-20]cached table in disk: Table{database='default', tableName='frs_table'}
2018-06-08 16:12:39,137 AUDIT [X160912][david][Thread-19]cached table in disk: Table{database='default', tableName='frs_table1'}
2018-06-08 16:12:42,999 AUDIT [X160912][david][Thread-19]cached table in disk: Table{database='default', tableName='frs_table2'}
2018-06-08 16:14:21,699 AUDIT [X160912][david][Thread-22]loaded Model: /home/david/Documents/code/carbonstore/select/vision-native/thirdlib/intellifData
2018-06-08 16:18:04,115 INFO Socket Reader #1 for port 7881 Property file path: /home/david/Documents/code/carbonstore/../../../conf/carbon.properties
2018-06-08 16:18:04,115 INFO Socket Reader #1 for port 7881 ------Using Carbon.properties --------
2018-06-08 16:18:04,115 INFO Socket Reader #1 for port 7881 {}
2018-06-08 16:18:04,130 INFO Socket Reader #1 for port 7881 Carbon Current data file version: V3
2018-06-08 16:18:04,130 INFO Socket Reader #1 for port 7881 Blocklet Size Configured value is "64
2018-06-08 16:18:04,131 WARN Socket Reader #1 for port 7881 The enable unsafe sort value "null" is invalid. Using the default value "true
2018-06-08 16:18:04,131 WARN Socket Reader #1 for port 7881 The enable off heap sort value "null" is invalid. Using the default value "true
2018-06-08 16:18:04,131 WARN Socket Reader #1 for port 7881 The custom block distribution value "null" is invalid. Using the default value "false
2018-06-08 16:18:04,131 WARN Socket Reader #1 for port 7881 The enable vector reader value "null" is invalid. Using the default value "true
2018-06-08 16:18:04,158 WARN Socket Reader #1 for port 7881 The carbon task distribution value "null" is invalid. Using the default value "block
2018-06-08 16:18:04,158 WARN Socket Reader #1 for port 7881 The enable auto handoff value "null" is invalid. Using the default value "true
2018-06-08 16:18:04,159 WARN Socket Reader #1 for port 7881 The specified value for property sort.inmemory.size.inmbis Invalid. Taking the default value.1024
2018-06-08 16:18:04,263 INFO [IPC Server handler 1 on 7881][partitionID:;queryID:23699771505461] Query will be executed on table: 
2018-06-08 16:18:04,354 INFO pool-1-thread-1 Working Memory manager is created with size 536870912 with org.apache.carbondata.core.memory.UnsafeMemoryAllocator@1e8ec31b
2018-06-08 16:18:04,368 AUDIT [X160912][david][Thread-18][c143078d-93d3-4965-b1dc-f1cf95255fc5] EntityRecognition batchSize: 100000
2018-06-08 16:18:04,390 AUDIT [X160912][david][Thread-18]collect result taken time: 22 ms
2018-06-08 16:18:04,391 AUDIT [X160912][david][Thread-18][c143078d-93d3-4965-b1dc-f1cf95255fc5]KNNSearch call calcDistanceSetNative
2018-06-08 16:18:04,408 AUDIT [X160912][david][Thread-18][c143078d-93d3-4965-b1dc-f1cf95255fc5]KNNSearch finished.
2018-06-08 16:18:04,410 AUDIT [X160912][david][Thread-18]recognition taken time: 19 ms, detail: t1~(17)~t2~(2)~t3
2018-06-08 16:18:04,411 AUDIT [X160912][david][Thread-18]CarbonScan initialize taken time: 150 ms
2018-06-08 16:18:04,411 AUDIT [X160912][david][Thread-18]search taken time: 163 ms
2018-06-08 16:18:04,424 INFO Socket Reader #1 for port 7881: readAndProcess from client 127.0.0.1 threw exception [java.io.IOException: Connection reset by peer]
java.io.IOException: Connection reset by peer
	at sun.nio.ch.FileDispatcherImpl.read0(Native Method)
	at sun.nio.ch.SocketDispatcher.read(SocketDispatcher.java:39)
	at sun.nio.ch.IOUtil.readIntoNativeBuffer(IOUtil.java:223)
	at sun.nio.ch.IOUtil.read(IOUtil.java:197)
	at sun.nio.ch.SocketChannelImpl.read(SocketChannelImpl.java:380)
	at org.apache.hadoop.ipc.Server.channelRead(Server.java:2604)
	at org.apache.hadoop.ipc.Server.access$2800(Server.java:136)
	at org.apache.hadoop.ipc.Server$Connection.readAndProcess(Server.java:1481)
	at org.apache.hadoop.ipc.Server$Listener.doRead(Server.java:771)
	at org.apache.hadoop.ipc.Server$Listener$Reader.doRunLoop(Server.java:637)
	at org.apache.hadoop.ipc.Server$Listener$Reader.run(Server.java:608)
2018-06-08 16:21:33,446 AUDIT [X160912][david][Thread-22]loaded Model: /home/david/Documents/code/carbonstore/select/vision-native/thirdlib/intellifData
2018-06-08 16:31:23,462 INFO [IPC Server handler 1 on 7881][partitionID:;queryID:24498980836416] Query will be executed on table: 
2018-06-08 16:31:23,508 AUDIT [X160912][david][Thread-18][2fa5d991-aed5-4b58-bd3c-6f0c8c358dbc] EntityRecognition batchSize: 100000
2018-06-08 16:31:23,521 AUDIT [X160912][david][Thread-18]collect result taken time: 11 ms
2018-06-08 16:31:23,525 AUDIT [X160912][david][Thread-18][2fa5d991-aed5-4b58-bd3c-6f0c8c358dbc]KNNSearch call calcDistanceSetNative
2018-06-08 16:31:23,555 AUDIT [X160912][david][Thread-18][2fa5d991-aed5-4b58-bd3c-6f0c8c358dbc]KNNSearch finished.
2018-06-08 16:31:23,557 AUDIT [X160912][david][Thread-18]recognition taken time: 33 ms, detail: t1~(31)~t2~(2)~t3
2018-06-08 16:31:23,557 AUDIT [X160912][david][Thread-18]CarbonScan initialize taken time: 95 ms
2018-06-08 16:31:23,559 AUDIT [X160912][david][Thread-18]search taken time: 95 ms
2018-06-08 16:37:58,293 AUDIT [X160912][david][Thread-18]loaded Model: /home/david/Documents/code/carbonstore/select/vision-native/thirdlib/intellifData
2018-06-08 16:42:00,469 INFO [IPC Server handler 0 on 7881][partitionID:;queryID:25135988360337] Query will be executed on table: 
2018-06-08 16:42:00,478 AUDIT [X160912][david][Thread-17][70196611-3007-4c1e-b1e8-fb740ad40247] EntityRecognition batchSize: 100000
2018-06-08 16:42:00,487 AUDIT [X160912][david][Thread-17]collect result taken time: 9 ms
2018-06-08 16:42:00,487 AUDIT [X160912][david][Thread-17][70196611-3007-4c1e-b1e8-fb740ad40247]KNNSearch call calcDistanceSetNative
2018-06-08 16:42:00,495 AUDIT [X160912][david][Thread-17][70196611-3007-4c1e-b1e8-fb740ad40247]KNNSearch finished.
2018-06-08 16:42:00,496 AUDIT [X160912][david][Thread-17]recognition taken time: 9 ms, detail: t1~(8)~t2~(1)~t3
2018-06-08 16:42:00,497 AUDIT [X160912][david][Thread-17]CarbonScan initialize taken time: 28 ms
2018-06-08 16:42:00,497 AUDIT [X160912][david][Thread-17]search taken time: 28 ms
2018-06-08 16:42:00,543 INFO [IPC Server handler 9 on 7881][partitionID:;queryID:25136062183757] Query will be executed on table: 
2018-06-08 16:42:00,568 AUDIT [X160912][david][Thread-26][64261fe4-cbfe-454e-b9b7-6431e37250a0] EntityRecognition batchSize: 100000
2018-06-08 16:42:00,575 AUDIT [X160912][david][Thread-26]collect result taken time: 7 ms
2018-06-08 16:42:00,576 AUDIT [X160912][david][Thread-26][64261fe4-cbfe-454e-b9b7-6431e37250a0]KNNSearch call calcDistanceSetNative
2018-06-08 16:42:00,586 AUDIT [X160912][david][Thread-26][64261fe4-cbfe-454e-b9b7-6431e37250a0]KNNSearch finished.
2018-06-08 16:42:00,588 AUDIT [X160912][david][Thread-26]recognition taken time: 13 ms, detail: t1~(12)~t2~(1)~t3
2018-06-08 16:42:00,588 AUDIT [X160912][david][Thread-26]CarbonScan initialize taken time: 45 ms
2018-06-08 16:42:00,588 AUDIT [X160912][david][Thread-26]search taken time: 45 ms
2018-06-08 16:42:00,616 INFO [IPC Server handler 7 on 7881][partitionID:;queryID:25136135476517] Query will be executed on table: 
2018-06-08 16:42:00,635 AUDIT [X160912][david][Thread-24][8b6cd1bd-e0ad-44be-b2ed-88a45fc7599e] EntityRecognition batchSize: 100000
2018-06-08 16:42:00,643 AUDIT [X160912][david][Thread-24]collect result taken time: 8 ms
2018-06-08 16:42:00,643 AUDIT [X160912][david][Thread-24][8b6cd1bd-e0ad-44be-b2ed-88a45fc7599e]KNNSearch call calcDistanceSetNative
2018-06-08 16:42:00,655 AUDIT [X160912][david][Thread-24][8b6cd1bd-e0ad-44be-b2ed-88a45fc7599e]KNNSearch finished.
2018-06-08 16:42:00,657 AUDIT [X160912][david][Thread-24]recognition taken time: 13 ms, detail: t1~(12)~t2~(1)~t3
2018-06-08 16:42:00,657 AUDIT [X160912][david][Thread-24]CarbonScan initialize taken time: 41 ms
2018-06-08 16:42:00,657 AUDIT [X160912][david][Thread-24]search taken time: 41 ms
2018-06-08 16:42:11,967 AUDIT [X160912][david][Thread-25]loaded Model: /home/david/Documents/code/carbonstore/select/vision-native/thirdlib/intellifData
2018-06-08 16:42:49,264 INFO [IPC Server handler 2 on 7881][partitionID:;queryID:25184783470277] Query will be executed on table: 
2018-06-08 16:42:49,274 AUDIT [X160912][david][Thread-19][92645012-844e-4988-8157-5b5258d6df93] EntityRecognition batchSize: 100000
2018-06-08 16:42:49,280 AUDIT [X160912][david][Thread-19]collect result taken time: 6 ms
2018-06-08 16:42:49,280 AUDIT [X160912][david][Thread-19][92645012-844e-4988-8157-5b5258d6df93]KNNSearch call calcDistanceSetNative
2018-06-08 16:42:49,288 AUDIT [X160912][david][Thread-19][92645012-844e-4988-8157-5b5258d6df93]KNNSearch finished.
2018-06-08 16:42:49,289 AUDIT [X160912][david][Thread-19]recognition taken time: 9 ms, detail: t1~(8)~t2~(1)~t3
2018-06-08 16:42:49,289 AUDIT [X160912][david][Thread-19]CarbonScan initialize taken time: 25 ms
2018-06-08 16:42:49,289 AUDIT [X160912][david][Thread-19]search taken time: 25 ms
2018-06-08 16:42:49,304 INFO Socket Reader #1 for port 7881: readAndProcess from client 127.0.0.1 threw exception [java.io.IOException: Connection reset by peer]
java.io.IOException: Connection reset by peer
	at sun.nio.ch.FileDispatcherImpl.read0(Native Method)
	at sun.nio.ch.SocketDispatcher.read(SocketDispatcher.java:39)
	at sun.nio.ch.IOUtil.readIntoNativeBuffer(IOUtil.java:223)
	at sun.nio.ch.IOUtil.read(IOUtil.java:197)
	at sun.nio.ch.SocketChannelImpl.read(SocketChannelImpl.java:380)
	at org.apache.hadoop.ipc.Server.channelRead(Server.java:2604)
	at org.apache.hadoop.ipc.Server.access$2800(Server.java:136)
	at org.apache.hadoop.ipc.Server$Connection.readAndProcess(Server.java:1481)
	at org.apache.hadoop.ipc.Server$Listener.doRead(Server.java:771)
	at org.apache.hadoop.ipc.Server$Listener$Reader.doRunLoop(Server.java:637)
	at org.apache.hadoop.ipc.Server$Listener$Reader.run(Server.java:608)
2018-06-08 16:51:45,082 AUDIT [X160912][david][Thread-23]loaded Model: /home/david/Documents/code/carbonstore/select/vision-native/thirdlib/intellifData
2018-06-08 16:52:22,072 AUDIT [X160912][david][Thread-23]loaded Model: /home/david/Documents/code/carbonstore/select/vision-native/thirdlib/intellifData
