2018-06-08 14:44:46,556 WARN Unable to load native-hadoop library for your platform... using builtin-java classes where applicable
2018-06-08 14:44:47,418 AUDIT [X160912][david][Thread-1]loaded properties: /home/david/Documents/code/carbonstore/select/build/carbonselect/conf/client/carbonselect.properties
2018-06-08 14:45:18,646 INFO Retrying connect to server: 172-0-0-1.lightspeed.brhmal.sbcglobal.net/172.0.0.1:7881. Already tried 0 time(s); maxRetries=45
2018-06-08 14:48:31,933 WARN Unable to load native-hadoop library for your platform... using builtin-java classes where applicable
2018-06-08 14:48:32,842 AUDIT [X160912][david][Thread-1]loaded properties: /home/david/Documents/code/carbonstore/select/build/carbonselect/conf/client/carbonselect.properties
2018-06-08 14:50:39,522 WARN Unable to load native-hadoop library for your platform... using builtin-java classes where applicable
2018-06-08 14:50:40,426 AUDIT [X160912][david][Thread-1]loaded properties: /home/david/Documents/code/carbonstore/select/build/carbonselect/conf/client/carbonselect.properties
2018-06-08 14:54:24,918 WARN Unable to load native-hadoop library for your platform... using builtin-java classes where applicable
2018-06-08 14:54:25,828 AUDIT [X160912][david][Thread-1]loaded properties: /home/david/Documents/code/carbonstore/select/build/carbonselect/conf/client/carbonselect.properties
2018-06-08 14:55:33,622 INFO main Property file path: /home/david/Documents/code/carbonstore/../../../conf/carbon.properties
2018-06-08 14:55:33,622 INFO main ------Using Carbon.properties --------
2018-06-08 14:55:33,622 INFO main {}
2018-06-08 14:55:33,648 INFO main Carbon Current data file version: V3
2018-06-08 14:55:33,648 INFO main Blocklet Size Configured value is "64
2018-06-08 14:55:33,648 WARN main The enable unsafe sort value "null" is invalid. Using the default value "true
2018-06-08 14:55:33,648 WARN main The enable off heap sort value "null" is invalid. Using the default value "true
2018-06-08 14:55:33,649 WARN main The custom block distribution value "null" is invalid. Using the default value "false
2018-06-08 14:55:33,649 WARN main The enable vector reader value "null" is invalid. Using the default value "true
2018-06-08 14:55:41,085 WARN Unable to load native-hadoop library for your platform... using builtin-java classes where applicable
2018-06-08 14:55:41,183 AUDIT [X160912][david][Thread-1]loaded properties: /home/david/Documents/code/carbonstore/select/build/carbonselect/conf/client/carbonselect.properties
2018-06-08 15:05:50,202 INFO main Property file path: /home/david/Documents/code/carbonstore/../../../conf/carbon.properties
2018-06-08 15:05:50,204 INFO main ------Using Carbon.properties --------
2018-06-08 15:05:50,204 INFO main {}
2018-06-08 15:05:50,630 INFO main Carbon Current data file version: V3
2018-06-08 15:05:50,632 INFO main Blocklet Size Configured value is "64
2018-06-08 15:05:50,633 WARN main The enable unsafe sort value "null" is invalid. Using the default value "true
2018-06-08 15:05:50,634 WARN main The enable off heap sort value "null" is invalid. Using the default value "true
2018-06-08 15:05:50,635 WARN main The custom block distribution value "null" is invalid. Using the default value "false
2018-06-08 15:05:50,636 WARN main The enable vector reader value "null" is invalid. Using the default value "true
2018-06-08 15:05:54,625 WARN main The carbon task distribution value "null" is invalid. Using the default value "block
2018-06-08 15:05:54,629 WARN main The enable auto handoff value "null" is invalid. Using the default value "true
2018-06-08 15:05:54,631 WARN main The specified value for property sort.inmemory.size.inmbis Invalid. Taking the default value.1024
2018-06-08 15:06:46,721 INFO main Executor LRU cache size not configured. Initializing with driver LRU cache size.
2018-06-08 15:06:46,724 INFO main LRU cache size not configured. Therefore default behavior will be considered and no LRU based eviction of columns will be done
2018-06-08 15:06:54,264 INFO main Working Memory manager is created with size 536870912 with org.apache.carbondata.core.memory.UnsafeMemoryAllocator@3dd1dc90
2018-06-08 16:09:55,019 WARN Unable to load native-hadoop library for your platform... using builtin-java classes where applicable
2018-06-08 16:09:55,115 AUDIT [X160912][david][Thread-1]loaded properties: /home/david/Documents/code/carbonstore/select/build/carbonselect/conf/client/carbonselect.properties
2018-06-08 16:12:38,772 INFO main Property file path: /home/david/Documents/code/carbonstore/../../../conf/carbon.properties
2018-06-08 16:12:38,773 INFO main ------Using Carbon.properties --------
2018-06-08 16:12:38,773 INFO main {}
2018-06-08 16:12:38,788 INFO main Carbon Current data file version: V3
2018-06-08 16:12:38,788 INFO main Blocklet Size Configured value is "64
2018-06-08 16:12:38,788 WARN main The enable unsafe sort value "null" is invalid. Using the default value "true
2018-06-08 16:12:38,788 WARN main The enable off heap sort value "null" is invalid. Using the default value "true
2018-06-08 16:12:38,788 WARN main The custom block distribution value "null" is invalid. Using the default value "false
2018-06-08 16:12:38,789 WARN main The enable vector reader value "null" is invalid. Using the default value "true
2018-06-08 16:12:38,812 WARN main The carbon task distribution value "null" is invalid. Using the default value "block
2018-06-08 16:12:38,813 WARN main The enable auto handoff value "null" is invalid. Using the default value "true
2018-06-08 16:12:38,814 WARN main The specified value for property sort.inmemory.size.inmbis Invalid. Taking the default value.1024
2018-06-08 16:12:38,847 INFO main Executor LRU cache size not configured. Initializing with driver LRU cache size.
2018-06-08 16:12:38,848 INFO main LRU cache size not configured. Therefore default behavior will be considered and no LRU based eviction of columns will be done
2018-06-08 16:12:39,031 INFO main Working Memory manager is created with size 536870912 with org.apache.carbondata.core.memory.UnsafeMemoryAllocator@13cf7d52
2018-06-08 16:12:39,046 AUDIT [X160912][david][Thread-1]CarbonTableInputFormat.getSplits taken time: 159176 ms, t1~158897~t2~0~t3~0~t4~86~t5~1~t6~192~t7
2018-06-08 16:12:39,046 AUDIT [X160912][david][Thread-1]CarbonMaster.getSplit t1~44~t2~159183~t3
2018-06-08 16:12:42,858 INFO main Removed entry from InMemory lru cache :: /home/david/Documents/code/carbonstore/examples/spark2/target/store/default/frs_table/Fact/Part0/Segment_0/0_batchno0-0-1528440756992.carbonindex
2018-06-08 16:12:42,880 AUDIT [X160912][david][Thread-1]CarbonTableInputFormat.getSplits taken time: 3719 ms, t1~3692~t2~0~t3~0~t4~8~t5~0~t6~19~t7
2018-06-08 16:12:42,882 AUDIT [X160912][david][Thread-1]CarbonMaster.getSplit t1~21~t2~3720~t3
2018-06-08 16:12:43,033 INFO main Removed entry from InMemory lru cache :: /home/david/Documents/code/carbonstore/examples/spark2/target/store/default/frs_table1/Fact/Part0/Segment_0/0_batchno0-0-1528440756992.carbonindex
2018-06-08 16:12:43,038 AUDIT [X160912][david][Thread-1]CarbonTableInputFormat.getSplits taken time: 10 ms, t1~4~t2~0~t3~1~t4~1~t5~0~t6~4~t7
2018-06-08 16:12:43,038 AUDIT [X160912][david][Thread-1]CarbonMaster.getSplit t1~28~t2~10~t3
2018-06-08 16:14:21,329 WARN Unable to load native-hadoop library for your platform... using builtin-java classes where applicable
2018-06-08 16:14:21,432 AUDIT [X160912][david][Thread-1]loaded properties: /home/david/Documents/code/carbonstore/select/build/carbonselect/conf/client/carbonselect.properties
2018-06-08 16:14:24,579 INFO main Property file path: /home/david/Documents/code/carbonstore/../../../conf/carbon.properties
2018-06-08 16:14:24,579 INFO main ------Using Carbon.properties --------
2018-06-08 16:14:24,579 INFO main {}
2018-06-08 16:14:24,592 INFO main Carbon Current data file version: V3
2018-06-08 16:14:24,593 INFO main Blocklet Size Configured value is "64
2018-06-08 16:14:24,593 WARN main The enable unsafe sort value "null" is invalid. Using the default value "true
2018-06-08 16:14:24,593 WARN main The enable off heap sort value "null" is invalid. Using the default value "true
2018-06-08 16:14:24,593 WARN main The custom block distribution value "null" is invalid. Using the default value "false
2018-06-08 16:14:24,593 WARN main The enable vector reader value "null" is invalid. Using the default value "true
2018-06-08 16:14:24,617 WARN main The carbon task distribution value "null" is invalid. Using the default value "block
2018-06-08 16:14:24,617 WARN main The enable auto handoff value "null" is invalid. Using the default value "true
2018-06-08 16:14:24,618 WARN main The specified value for property sort.inmemory.size.inmbis Invalid. Taking the default value.1024
2018-06-08 16:14:24,651 INFO main Executor LRU cache size not configured. Initializing with driver LRU cache size.
2018-06-08 16:14:24,652 INFO main LRU cache size not configured. Therefore default behavior will be considered and no LRU based eviction of columns will be done
2018-06-08 16:14:24,846 INFO main Working Memory manager is created with size 536870912 with org.apache.carbondata.core.memory.UnsafeMemoryAllocator@13cf7d52
2018-06-08 16:14:24,858 AUDIT [X160912][david][Thread-1]CarbonTableInputFormat.getSplits taken time: 3081 ms, t1~2798~t2~0~t3~0~t4~82~t5~1~t6~200~t7
2018-06-08 16:14:24,858 AUDIT [X160912][david][Thread-1]CarbonMaster.getSplit t1~46~t2~3089~t3
2018-06-08 16:14:24,884 INFO main Removed entry from InMemory lru cache :: /home/david/Documents/code/carbonstore/examples/spark2/target/store/default/frs_table/Fact/Part0/Segment_0/0_batchno0-0-1528440756992.carbonindex
2018-06-08 16:14:24,891 AUDIT [X160912][david][Thread-1]CarbonTableInputFormat.getSplits taken time: 11 ms, t1~3~t2~0~t3~0~t4~1~t5~1~t6~6~t7
2018-06-08 16:14:24,891 AUDIT [X160912][david][Thread-1]CarbonMaster.getSplit t1~19~t2~11~t3
2018-06-08 16:14:24,923 INFO main Removed entry from InMemory lru cache :: /home/david/Documents/code/carbonstore/examples/spark2/target/store/default/frs_table1/Fact/Part0/Segment_0/0_batchno0-0-1528440756992.carbonindex
2018-06-08 16:14:24,928 AUDIT [X160912][david][Thread-1]CarbonTableInputFormat.getSplits taken time: 8 ms, t1~2~t2~0~t3~0~t4~1~t5~0~t6~5~t7
2018-06-08 16:14:24,928 AUDIT [X160912][david][Thread-1]CarbonMaster.getSplit t1~26~t2~8~t3
2018-06-08 16:18:04,080 AUDIT [X160912][david][Thread-1]CarbonTableInputFormat.getSplits taken time: 138077 ms, t1~138073~t2~1~t3~0~t4~1~t5~0~t6~2~t7
2018-06-08 16:18:04,081 AUDIT [X160912][david][Thread-1]CarbonMaster.getSplit t1~4186~t2~185856~t3
2018-06-08 16:21:32,759 WARN Unable to load native-hadoop library for your platform... using builtin-java classes where applicable
2018-06-08 16:21:32,955 AUDIT [X160912][david][Thread-1]loaded properties: /home/david/Documents/code/carbonstore/select/build/carbonselect/conf/client/carbonselect.properties
2018-06-08 16:21:33,629 INFO main Property file path: /home/david/Documents/code/carbonstore/../../../conf/carbon.properties
2018-06-08 16:21:33,629 INFO main ------Using Carbon.properties --------
2018-06-08 16:21:33,629 INFO main {}
2018-06-08 16:21:33,643 INFO main Carbon Current data file version: V3
2018-06-08 16:21:33,643 INFO main Blocklet Size Configured value is "64
2018-06-08 16:21:33,643 WARN main The enable unsafe sort value "null" is invalid. Using the default value "true
2018-06-08 16:21:33,643 WARN main The enable off heap sort value "null" is invalid. Using the default value "true
2018-06-08 16:21:33,643 WARN main The custom block distribution value "null" is invalid. Using the default value "false
2018-06-08 16:21:33,643 WARN main The enable vector reader value "null" is invalid. Using the default value "true
2018-06-08 16:21:33,666 WARN main The carbon task distribution value "null" is invalid. Using the default value "block
2018-06-08 16:21:33,666 WARN main The enable auto handoff value "null" is invalid. Using the default value "true
2018-06-08 16:21:33,666 WARN main The specified value for property sort.inmemory.size.inmbis Invalid. Taking the default value.1024
2018-06-08 16:21:33,699 INFO main Executor LRU cache size not configured. Initializing with driver LRU cache size.
2018-06-08 16:21:33,700 INFO main LRU cache size not configured. Therefore default behavior will be considered and no LRU based eviction of columns will be done
2018-06-08 16:21:33,917 INFO main Working Memory manager is created with size 536870912 with org.apache.carbondata.core.memory.UnsafeMemoryAllocator@3a3e4aff
2018-06-08 16:21:33,931 AUDIT [X160912][david][Thread-1]CarbonTableInputFormat.getSplits taken time: 380 ms, t1~(0ms)~t2~(70ms)~t3~(3ms)~t4~(1ms)~t5~(306ms)~t6
2018-06-08 16:21:33,932 AUDIT [X160912][david][Thread-1]CarbonMaster.getSplit t1~(39ms)~t2~(384ms)~t3
2018-06-08 16:21:33,954 INFO main Removed entry from InMemory lru cache :: /home/david/Documents/code/carbonstore/examples/spark2/target/store/default/frs_table/Fact/Part0/Segment_0/0_batchno0-0-1528440756992.carbonindex
2018-06-08 16:21:33,958 AUDIT [X160912][david][Thread-1]CarbonTableInputFormat.getSplits taken time: 7 ms, t1~(0ms)~t2~(2ms)~t3~(0ms)~t4~(0ms)~t5~(5ms)~t6
2018-06-08 16:21:33,959 AUDIT [X160912][david][Thread-1]CarbonMaster.getSplit t1~(17ms)~t2~(7ms)~t3
2018-06-08 16:21:33,987 INFO main Removed entry from InMemory lru cache :: /home/david/Documents/code/carbonstore/examples/spark2/target/store/default/frs_table1/Fact/Part0/Segment_0/0_batchno0-0-1528440756992.carbonindex
2018-06-08 16:21:33,992 AUDIT [X160912][david][Thread-1]CarbonTableInputFormat.getSplits taken time: 7 ms, t1~(0ms)~t2~(1ms)~t3~(1ms)~t4~(0ms)~t5~(5ms)~t6
2018-06-08 16:21:33,992 AUDIT [X160912][david][Thread-1]CarbonMaster.getSplit t1~(24ms)~t2~(7ms)~t3
2018-06-08 16:31:23,419 AUDIT [X160912][david][Thread-1]CarbonTableInputFormat.getSplits taken time: 560431 ms, t1~(2906ms)~t2~(1773ms)~t3~(555751ms)~t4~(0ms)~t5~(1ms)~t6
2018-06-08 16:31:23,419 AUDIT [X160912][david][Thread-1]CarbonMaster.getSplit t1~(4343ms)~t2~(569785ms)~t3
2018-06-08 16:31:23,575 AUDIT [X160912][david][Thread-1]Search taken time: 583584 ms, t1~(583428ms)~t2~(156ms)~t3
2018-06-08 16:37:57,596 WARN Unable to load native-hadoop library for your platform... using builtin-java classes where applicable
2018-06-08 16:37:57,765 AUDIT [X160912][david][Thread-1]loaded properties: /home/david/Documents/code/carbonstore/select/build/carbonselect/conf/client/carbonselect.properties
2018-06-08 16:38:02,553 INFO main Property file path: /home/david/Documents/code/carbonstore/../../../conf/carbon.properties
2018-06-08 16:38:02,554 INFO main ------Using Carbon.properties --------
2018-06-08 16:38:02,554 INFO main {}
2018-06-08 16:38:02,581 INFO main Carbon Current data file version: V3
2018-06-08 16:38:02,581 INFO main Blocklet Size Configured value is "64
2018-06-08 16:38:02,581 WARN main The enable unsafe sort value "null" is invalid. Using the default value "true
2018-06-08 16:38:02,581 WARN main The enable off heap sort value "null" is invalid. Using the default value "true
2018-06-08 16:38:02,581 WARN main The custom block distribution value "null" is invalid. Using the default value "false
2018-06-08 16:38:02,581 WARN main The enable vector reader value "null" is invalid. Using the default value "true
2018-06-08 16:38:02,603 WARN main The carbon task distribution value "null" is invalid. Using the default value "block
2018-06-08 16:38:02,603 WARN main The enable auto handoff value "null" is invalid. Using the default value "true
2018-06-08 16:38:02,604 WARN main The specified value for property sort.inmemory.size.inmbis Invalid. Taking the default value.1024
2018-06-08 16:38:02,628 INFO main Executor LRU cache size not configured. Initializing with driver LRU cache size.
2018-06-08 16:38:02,629 INFO main LRU cache size not configured. Therefore default behavior will be considered and no LRU based eviction of columns will be done
2018-06-08 16:38:02,831 INFO main Working Memory manager is created with size 536870912 with org.apache.carbondata.core.memory.UnsafeMemoryAllocator@736d6a5c
2018-06-08 16:38:02,845 AUDIT [X160912][david][Thread-1]CarbonTableInputFormat.getSplits taken time: 4447 ms, t1~(0ms)~t2~(75ms)~t3~(4056ms)~t4~(8ms)~t5~(308ms)~t6
2018-06-08 16:38:02,845 AUDIT [X160912][david][Thread-1]CarbonMaster.getSplit t1~(52ms)~t2~(4453ms)~t3
2018-06-08 16:38:02,872 INFO main Removed entry from InMemory lru cache :: /home/david/Documents/code/carbonstore/examples/spark2/target/store/default/frs_table/Fact/Part0/Segment_0/0_batchno0-0-1528440756992.carbonindex
2018-06-08 16:38:02,878 AUDIT [X160912][david][Thread-1]CarbonTableInputFormat.getSplits taken time: 10 ms, t1~(0ms)~t2~(2ms)~t3~(1ms)~t4~(0ms)~t5~(7ms)~t6
2018-06-08 16:38:02,878 AUDIT [X160912][david][Thread-1]CarbonMaster.getSplit t1~(21ms)~t2~(10ms)~t3
2018-06-08 16:38:02,921 INFO main Removed entry from InMemory lru cache :: /home/david/Documents/code/carbonstore/examples/spark2/target/store/default/frs_table1/Fact/Part0/Segment_0/0_batchno0-0-1528440756992.carbonindex
2018-06-08 16:38:02,926 AUDIT [X160912][david][Thread-1]CarbonTableInputFormat.getSplits taken time: 8 ms, t1~(0ms)~t2~(2ms)~t3~(0ms)~t4~(0ms)~t5~(6ms)~t6
2018-06-08 16:38:02,927 AUDIT [X160912][david][Thread-1]CarbonMaster.getSplit t1~(37ms)~t2~(9ms)~t3
2018-06-08 16:42:00,453 AUDIT [X160912][david][Thread-1]CarbonTableInputFormat.getSplits taken time: 215083 ms, t1~(169311ms)~t2~(45769ms)~t3~(1ms)~t4~(0ms)~t5~(2ms)~t6
2018-06-08 16:42:00,454 AUDIT [X160912][david][Thread-1]CarbonMaster.getSplit t1~(4144ms)~t2~(224956ms)~t3
2018-06-08 16:42:00,506 AUDIT [X160912][david][Thread-1]Search taken time: 233710 ms, t1~(233658ms)~t2~(52ms)~t3
2018-06-08 16:42:00,540 AUDIT [X160912][david][Thread-1]CarbonTableInputFormat.getSplits taken time: 2 ms, t1~(0ms)~t2~(0ms)~t3~(0ms)~t4~(0ms)~t5~(2ms)~t6
2018-06-08 16:42:00,540 AUDIT [X160912][david][Thread-1]CarbonMaster.getSplit t1~(29ms)~t2~(4ms)~t3
2018-06-08 16:42:00,594 AUDIT [X160912][david][Thread-1]Search taken time: 87 ms, t1~(33ms)~t2~(54ms)~t3
2018-06-08 16:42:00,614 AUDIT [X160912][david][Thread-1]CarbonTableInputFormat.getSplits taken time: 2 ms, t1~(0ms)~t2~(0ms)~t3~(1ms)~t4~(0ms)~t5~(1ms)~t6
2018-06-08 16:42:00,614 AUDIT [X160912][david][Thread-1]CarbonMaster.getSplit t1~(17ms)~t2~(2ms)~t3
2018-06-08 16:42:00,665 AUDIT [X160912][david][Thread-1]Search taken time: 70 ms, t1~(19ms)~t2~(51ms)~t3
2018-06-08 16:42:11,147 WARN Unable to load native-hadoop library for your platform... using builtin-java classes where applicable
2018-06-08 16:42:11,327 AUDIT [X160912][david][Thread-1]loaded properties: /home/david/Documents/code/carbonstore/select/build/carbonselect/conf/client/carbonselect.properties
2018-06-08 16:42:12,204 INFO main Property file path: /home/david/Documents/code/carbonstore/../../../conf/carbon.properties
2018-06-08 16:42:12,204 INFO main ------Using Carbon.properties --------
2018-06-08 16:42:12,204 INFO main {}
2018-06-08 16:42:12,220 INFO main Carbon Current data file version: V3
2018-06-08 16:42:12,221 INFO main Blocklet Size Configured value is "64
2018-06-08 16:42:12,221 WARN main The enable unsafe sort value "null" is invalid. Using the default value "true
2018-06-08 16:42:12,221 WARN main The enable off heap sort value "null" is invalid. Using the default value "true
2018-06-08 16:42:12,221 WARN main The custom block distribution value "null" is invalid. Using the default value "false
2018-06-08 16:42:12,221 WARN main The enable vector reader value "null" is invalid. Using the default value "true
2018-06-08 16:42:12,241 WARN main The carbon task distribution value "null" is invalid. Using the default value "block
2018-06-08 16:42:12,241 WARN main The enable auto handoff value "null" is invalid. Using the default value "true
2018-06-08 16:42:12,242 WARN main The specified value for property sort.inmemory.size.inmbis Invalid. Taking the default value.1024
2018-06-08 16:42:12,269 INFO main Executor LRU cache size not configured. Initializing with driver LRU cache size.
2018-06-08 16:42:12,270 INFO main LRU cache size not configured. Therefore default behavior will be considered and no LRU based eviction of columns will be done
2018-06-08 16:42:12,488 INFO main Working Memory manager is created with size 536870912 with org.apache.carbondata.core.memory.UnsafeMemoryAllocator@13cf7d52
2018-06-08 16:42:12,501 AUDIT [X160912][david][Thread-1]CarbonTableInputFormat.getSplits taken time: 387 ms, t1~(0ms)~t2~(82ms)~t3~(3ms)~t4~(1ms)~t5~(301ms)~t6
2018-06-08 16:42:12,502 AUDIT [X160912][david][Thread-1]CarbonMaster.getSplit t1~(81ms)~t2~(394ms)~t3
2018-06-08 16:42:12,536 INFO main Removed entry from InMemory lru cache :: /home/david/Documents/code/carbonstore/examples/spark2/target/store/default/frs_table/Fact/Part0/Segment_0/0_batchno0-0-1528440756992.carbonindex
2018-06-08 16:42:12,543 AUDIT [X160912][david][Thread-1]CarbonTableInputFormat.getSplits taken time: 11 ms, t1~(0ms)~t2~(2ms)~t3~(1ms)~t4~(0ms)~t5~(8ms)~t6
2018-06-08 16:42:12,543 AUDIT [X160912][david][Thread-1]CarbonMaster.getSplit t1~(27ms)~t2~(11ms)~t3
2018-06-08 16:42:12,580 INFO main Removed entry from InMemory lru cache :: /home/david/Documents/code/carbonstore/examples/spark2/target/store/default/frs_table1/Fact/Part0/Segment_0/0_batchno0-0-1528440756992.carbonindex
2018-06-08 16:42:12,585 AUDIT [X160912][david][Thread-1]CarbonTableInputFormat.getSplits taken time: 8 ms, t1~(0ms)~t2~(2ms)~t3~(0ms)~t4~(0ms)~t5~(6ms)~t6
2018-06-08 16:42:12,585 AUDIT [X160912][david][Thread-1]CarbonMaster.getSplit t1~(32ms)~t2~(8ms)~t3
2018-06-08 16:42:49,232 AUDIT [X160912][david][Thread-1]CarbonTableInputFormat.getSplits taken time: 22368 ms, t1~(1745ms)~t2~(850ms)~t3~(19767ms)~t4~(0ms)~t5~(6ms)~t6
2018-06-08 16:42:49,234 AUDIT [X160912][david][Thread-1]CarbonMaster.getSplit t1~(5420ms)~t2~(25006ms)~t3
2018-06-08 16:51:44,456 WARN Unable to load native-hadoop library for your platform... using builtin-java classes where applicable
2018-06-08 16:51:44,631 AUDIT [X160912][david][Thread-1]loaded properties: /home/david/Documents/code/carbonstore/select/build/carbonselect/conf/client/carbonselect.properties
2018-06-08 16:52:17,068 AUDIT [X160912][david][Thread-1]SegmentUpdateStatusManager take 26772 ms,t1~(0ms)~t2~(26772ms)~t3~(0ms)~t4
2018-06-08 16:52:17,084 INFO main Property file path: /home/david/Documents/code/carbonstore/../../../conf/carbon.properties
2018-06-08 16:52:17,084 INFO main ------Using Carbon.properties --------
2018-06-08 16:52:17,084 INFO main {}
2018-06-08 16:52:17,104 INFO main Carbon Current data file version: V3
2018-06-08 16:52:17,104 INFO main Blocklet Size Configured value is "64
2018-06-08 16:52:17,104 WARN main The enable unsafe sort value "null" is invalid. Using the default value "true
2018-06-08 16:52:17,105 WARN main The enable off heap sort value "null" is invalid. Using the default value "true
2018-06-08 16:52:17,105 WARN main The custom block distribution value "null" is invalid. Using the default value "false
2018-06-08 16:52:17,105 WARN main The enable vector reader value "null" is invalid. Using the default value "true
2018-06-08 16:52:21,422 WARN Unable to load native-hadoop library for your platform... using builtin-java classes where applicable
2018-06-08 16:52:21,567 AUDIT [X160912][david][Thread-1]loaded properties: /home/david/Documents/code/carbonstore/select/build/carbonselect/conf/client/carbonselect.properties
2018-06-08 16:53:21,038 AUDIT [X160912][david][Thread-1]SegmentUpdateStatusManager take 58772 ms,t1~(0ms)~t2~(58772ms)~t3~(0ms)~t4
2018-06-08 16:53:21,060 INFO main Property file path: /home/david/Documents/code/carbonstore/../../../conf/carbon.properties
2018-06-08 16:53:21,060 INFO main ------Using Carbon.properties --------
2018-06-08 16:53:21,060 INFO main {}
